
20-10-31 04:31:12 [-] LockHandler on tavis(account 1): access type 'examine' changed from 'examine:perm(Admin)' to 'examine:perm(Admin)' 
LockHandler on tavis(account 1): access type 'edit' changed from 'edit:perm(Admin)' to 'edit:perm(Admin)' 
LockHandler on tavis(account 1): access type 'delete' changed from 'delete:perm(Admin)' to 'delete:perm(Admin)' 
LockHandler on tavis(account 1): access type 'boot' changed from 'boot:perm(Admin)' to 'boot:perm(Admin)' 
LockHandler on tavis(account 1): access type 'msg' changed from 'msg:all()' to 'msg:all()' 
LockHandler on tavis(account 1): access type 'noidletimeout' changed from 'noidletimeout:perm(Builder) or perm(noidletimeout)' to 'noidletimeout:perm(Builder) or perm(noidletimeout)'
20-10-31 04:31:12 [-] LockHandler on tavis(account 1): access type 'examine' changed from 'examine:perm(Admin)' to 'examine:perm(Developer)' 
LockHandler on tavis(account 1): access type 'edit' changed from 'edit:perm(Admin)' to 'edit:false()' 
LockHandler on tavis(account 1): access type 'delete' changed from 'delete:perm(Admin)' to 'delete:false()' 
LockHandler on tavis(account 1): access type 'boot' changed from 'boot:perm(Admin)' to 'boot:false()' 
LockHandler on tavis(account 1): access type 'msg' changed from 'msg:all()' to 'msg:all()'
20-10-31 04:31:12 [-] LockHandler on tavis: access type 'get' changed from 'get:all()' to 'get:false()' 
LockHandler on tavis: access type 'call' changed from 'call:true()' to 'call:false()'
20-10-31 04:31:12 [-] LockHandler on tavis: access type 'examine' changed from 'examine:perm(Builder)' to 'examine:perm(Developer)' 
LockHandler on tavis: access type 'edit' changed from 'edit:perm(Admin)' to 'edit:false()' 
LockHandler on tavis: access type 'delete' changed from 'delete:perm(Admin)' to 'delete:false()' 
LockHandler on tavis: access type 'puppet' changed from 'puppet:pperm(Developer)' to 'puppet:false()'
20-10-31 04:31:12 [-] LockHandler on Limbo: access type 'get' changed from 'get:all()' to 'get:false()' 
LockHandler on Limbo: access type 'puppet' changed from 'puppet:pperm(Developer)' to 'puppet:false()'
20-10-31 04:31:12 [-] LockHandler on Channel 'MudInfo' (None): access type 'control' changed from 'control:perm(Admin)' to 'control:perm(Developer)' 
LockHandler on Channel 'MudInfo' (None): access type 'listen' changed from 'listen:all()' to 'listen:perm(Admin)' 
LockHandler on Channel 'MudInfo' (None): access type 'send' changed from 'send:all()' to 'send:false()'
20-10-31 04:31:12 [-] LockHandler on Channel 'Public' (None): access type 'control' changed from 'control:perm(Admin)' to 'control:perm(Admin)' 
LockHandler on Channel 'Public' (None): access type 'listen' changed from 'listen:all()' to 'listen:all()' 
LockHandler on Channel 'Public' (None): access type 'send' changed from 'send:all()' to 'send:all()'