20-10-31 04:31:12 Loading /home/ubuntu/evennia/evennia/server/server.py...
20-10-31 04:31:12 Loaded.
20-10-31 04:31:12 twistd 20.3.0 (/home/ubuntu/ev/bin/python3 3.8.5) starting up.
20-10-31 04:31:12 reactor class: twisted.internet.epollreactor.EPollReactor.
20-10-31 04:31:12 Webserver starting on 4005
20-10-31 04:31:12 [..] Initial setup: Creating objects (Account #1 and Limbo room) ...
20-10-31 04:31:12 [..] Initial setup: Creating default channels ...
20-10-31 04:31:13 [..] Initial setup: Running at_initial_setup() hook.
20-10-31 04:31:13 [..] Initial setup: Gathering static resources using 'collectstatic'
20-10-31 04:31:13 
20-10-31 04:31:13 0 static files copied to '/home/ubuntu/scrolls/web/static', 157 unmodified.
20-10-31 04:31:13 [..] Initial setup complete. Restarting Server once.
20-10-31 04:31:13 Evennia Server successfully started.
20-10-31 04:31:14 [..] Server disconnected from the portal.
20-10-31 04:31:14 Main loop terminated.
20-10-31 04:31:14 Server Shut Down.
20-10-31 04:31:14 Loading /home/ubuntu/evennia/evennia/server/server.py...
20-10-31 04:31:15 Loaded.
20-10-31 04:31:15 twistd 20.3.0 (/home/ubuntu/ev/bin/python3 3.8.5) starting up.
20-10-31 04:31:15 reactor class: twisted.internet.epollreactor.EPollReactor.
20-10-31 04:31:15 Webserver starting on 4005
20-10-31 04:31:15 Evennia Server successfully restarted in 'reset' mode.
20-10-31 04:31:58 [SS] Authentication Success: tavis(account 1) (IP: 70.40.21.222).
20-10-31 04:31:58 [..] Logged in: tavis(account 1) 70.40.21.222 (1 session(s) total)
20-10-31 04:36:45 [..] Server disconnected from the portal.
20-10-31 04:36:45 Main loop terminated.
20-10-31 04:36:45 Server Shut Down.
20-10-31 04:36:45 Loading /home/ubuntu/evennia/evennia/server/server.py...
20-10-31 04:36:45 Loaded.
20-10-31 04:36:45 twistd 20.3.0 (/home/ubuntu/ev/bin/python3 3.8.5) starting up.
20-10-31 04:36:45 reactor class: twisted.internet.epollreactor.EPollReactor.
20-10-31 04:36:45 Webserver starting on 4005
20-10-31 04:36:45 Server successfully reloaded.
20-10-31 04:51:57 [..] Logged out: tavis(account 1) 70.40.21.222 (0 sessions(s) remaining)
20-10-31 04:52:32 [SS] Authentication Success: tavis(account 1) (IP: 70.40.21.222).
20-10-31 04:52:32 [..] Logged in: tavis(account 1) 70.40.21.222 (1 session(s) total)
20-10-31 04:52:33 [::] Traceback (most recent call last):
20-10-31 04:52:33 [::]   File "/home/ubuntu/evennia/evennia/locks/lockhandler.py", line 187, in __init__
20-10-31 04:52:33 [::]     self.reset()
20-10-31 04:52:33 [::]   File "/home/ubuntu/evennia/evennia/locks/lockhandler.py", line 479, in reset
20-10-31 04:52:33 [::]     self._cache_locks(self.obj.lock_storage)
20-10-31 04:52:33 [::]   File "/home/ubuntu/evennia/evennia/locks/lockhandler.py", line 288, in _cache_locks
20-10-31 04:52:33 [::]     self.locks = self._parse_lockstring(storage_lockstring)
20-10-31 04:52:33 [::]   File "/home/ubuntu/evennia/evennia/locks/lockhandler.py", line 280, in _parse_lockstring
20-10-31 04:52:33 [::]     raise LockException("\n".join(elist))
20-10-31 04:52:33 [::] evennia.locks.lockhandler.LockException: Lock: definition 'cmd:attr_ge(level, 202' has syntax errors.
20-10-31 04:52:33 [EE] Lock: definition 'cmd:attr_ge(level, 202' has syntax errors.
20-10-31 07:09:01 [..] Logged out: tavis(account 1) 70.40.21.222 (0 sessions(s) remaining)
